<?xml version="1.0" encoding="UTF-8" ?>
<testsuites errors="0"
            failures="1"
            tests="1">

  <testsuite name="features.infrastructureSpec"
    errors="0" failures="1" hostname="" id="" package="features" skipped="0"
    tests="1" time="1.131" timestamp="">
  
    <testcase name="Test Infrastructure" classname="features.infrastructureSpec" time="1.131" assertions="1">  <failure message="Testing if element &lt;html&gt; contains text: &#34;Hello World&#34; in 1000 ms. - expected [0;32m&#34;Hello World&#34;[0m but got: [0;31m&#34;&#34;[0m">    at Object.Test Infrastructure (/Users/student/Documents/week-6/makersbnb/spec/features/infrastructureSpec.js:6:13)
    at process._tickCallback (internal/process/next_tick.js:68:7)</failure>

    <failure message="    at Object.Test Infrastructure (/Users/student/Documents/week-6/makersbnb/spec/features/infrastructureSpec.js:6:13)">    at process._tickCallback (internal/process/next_tick.js:68:7)</failure>
    </testcase>
  

  

  
  </testsuite>
</testsuites>
